<?xml version="1.0" encoding="UTF-8"?>
<coverage generated="1768579567272" clover="3.2.0">
  <project timestamp="1768579567272" name="All files">
    <metrics statements="97" coveredstatements="74" conditionals="46" coveredconditionals="25" methods="37" coveredmethods="30" elements="180" coveredelements="129" complexity="0" loc="97" ncloc="97" packages="8" files="10" classes="10"/>
    <package name="components.layout">
      <metrics statements="6" coveredstatements="6" conditionals="4" coveredconditionals="4" methods="3" coveredmethods="3"/>
      <file name="Footer.jsx" path="C:\Users\jesse\Desktop\frontend-mentor-todo-app\src\components\layout\Footer.jsx">
        <metrics statements="1" coveredstatements="1" conditionals="0" coveredconditionals="0" methods="1" coveredmethods="1"/>
        <line num="5" count="2" type="stmt"/>
      </file>
      <file name="Header.jsx" path="C:\Users\jesse\Desktop\frontend-mentor-todo-app\src\components\layout\Header.jsx">
        <metrics statements="5" coveredstatements="5" conditionals="4" coveredconditionals="4" methods="2" coveredmethods="2"/>
        <line num="9" count="5" type="stmt"/>
        <line num="10" count="5" type="stmt"/>
        <line num="12" count="5" type="stmt"/>
        <line num="13" count="2" type="cond" truecount="2" falsecount="0"/>
        <line num="16" count="5" type="stmt"/>
      </file>
    </package>
    <package name="components.providers">
      <metrics statements="16" coveredstatements="13" conditionals="9" coveredconditionals="5" methods="7" coveredmethods="5"/>
      <file name="themeProvider.jsx" path="C:\Users\jesse\Desktop\frontend-mentor-todo-app\src\components\providers\themeProvider.jsx">
        <metrics statements="16" coveredstatements="13" conditionals="9" coveredconditionals="5" methods="7" coveredmethods="5"/>
        <line num="4" count="2" type="stmt"/>
        <line num="5" count="3" type="stmt"/>
        <line num="6" count="3" type="cond" truecount="2" falsecount="0"/>
        <line num="10" count="5" type="stmt"/>
        <line num="12" count="5" type="stmt"/>
        <line num="13" count="5" type="stmt"/>
        <line num="14" count="5" type="stmt"/>
        <line num="15" count="5" type="cond" truecount="1" falsecount="3"/>
        <line num="17" count="5" type="stmt"/>
        <line num="18" count="5" type="stmt"/>
        <line num="20" count="5" type="cond" truecount="1" falsecount="1"/>
        <line num="21" count="0" type="stmt"/>
        <line num="22" count="0" type="stmt"/>
        <line num="23" count="0" type="stmt"/>
        <line num="27" count="5" type="stmt"/>
        <line num="29" count="5" type="stmt"/>
      </file>
    </package>
    <package name="components.shared">
      <metrics statements="3" coveredstatements="3" conditionals="2" coveredconditionals="2" methods="1" coveredmethods="1"/>
      <file name="Title.component.jsx" path="C:\Users\jesse\Desktop\frontend-mentor-todo-app\src\components\shared\Title.component.jsx">
        <metrics statements="3" coveredstatements="3" conditionals="2" coveredconditionals="2" methods="1" coveredmethods="1"/>
        <line num="1" count="2" type="cond" truecount="2" falsecount="0"/>
        <line num="2" count="5" type="stmt"/>
        <line num="3" count="5" type="stmt"/>
      </file>
    </package>
    <package name="components.ui">
      <metrics statements="4" coveredstatements="4" conditionals="5" coveredconditionals="4" methods="1" coveredmethods="1"/>
      <file name="button.jsx" path="C:\Users\jesse\Desktop\frontend-mentor-todo-app\src\components\ui\button.jsx">
        <metrics statements="4" coveredstatements="4" conditionals="5" coveredconditionals="4" methods="1" coveredmethods="1"/>
        <line num="7" count="2" type="stmt"/>
        <line num="46" count="5" type="cond" truecount="1" falsecount="1"/>
        <line num="48" count="5" type="stmt"/>
        <line num="58" count="2" type="stmt"/>
      </file>
    </package>
    <package name="constants">
      <metrics statements="2" coveredstatements="2" conditionals="0" coveredconditionals="0" methods="0" coveredmethods="0"/>
      <file name="themeConstants.js" path="C:\Users\jesse\Desktop\frontend-mentor-todo-app\src\constants\themeConstants.js">
        <metrics statements="2" coveredstatements="2" conditionals="0" coveredconditionals="0" methods="0" coveredmethods="0"/>
        <line num="3" count="2" type="stmt"/>
        <line num="4" count="2" type="stmt"/>
      </file>
    </package>
    <package name="hooks">
      <metrics statements="59" coveredstatements="39" conditionals="24" coveredconditionals="8" methods="20" coveredmethods="15"/>
      <file name="useTasks.js" path="C:\Users\jesse\Desktop\frontend-mentor-todo-app\src\hooks\useTasks.js">
        <metrics statements="56" coveredstatements="36" conditionals="22" coveredconditionals="7" methods="19" coveredmethods="14"/>
        <line num="10" count="18" type="stmt"/>
        <line num="13" count="18" type="stmt"/>
        <line num="16" count="18" type="stmt"/>
        <line num="21" count="18" type="stmt"/>
        <line num="23" count="5" type="stmt"/>
        <line num="24" count="5" type="stmt"/>
        <line num="26" count="5" type="stmt"/>
        <line num="32" count="5" type="cond" truecount="2" falsecount="0"/>
        <line num="33" count="1" type="stmt"/>
        <line num="36" count="4" type="stmt"/>
        <line num="40" count="5" type="stmt"/>
        <line num="46" count="18" type="stmt"/>
        <line num="47" count="1" type="stmt"/>
        <line num="52" count="1" type="cond" truecount="1" falsecount="1"/>
        <line num="53" count="0" type="stmt"/>
        <line num="54" count="0" type="stmt"/>
        <line num="58" count="1" type="stmt"/>
        <line num="59" count="1" type="cond" truecount="1" falsecount="1"/>
        <line num="60" count="1" type="stmt"/>
        <line num="67" count="18" type="stmt"/>
        <line num="68" count="1" type="stmt"/>
        <line num="73" count="1" type="cond" truecount="1" falsecount="1"/>
        <line num="74" count="0" type="stmt"/>
        <line num="75" count="0" type="stmt"/>
        <line num="79" count="1" type="stmt"/>
        <line num="80" count="1" type="stmt"/>
        <line num="81" count="1" type="cond" truecount="1" falsecount="1"/>
        <line num="89" count="18" type="stmt"/>
        <line num="90" count="1" type="stmt"/>
        <line num="95" count="1" type="cond" truecount="1" falsecount="1"/>
        <line num="96" count="0" type="stmt"/>
        <line num="97" count="0" type="stmt"/>
        <line num="101" count="1" type="stmt"/>
        <line num="105" count="18" type="stmt"/>
        <line num="106" count="5" type="stmt"/>
        <line num="107" count="5" type="stmt"/>
        <line num="110" count="5" type="stmt"/>
        <line num="116" count="18" type="stmt"/>
        <line num="117" count="5" type="stmt"/>
        <line num="123" count="0" type="stmt"/>
        <line num="124" count="0" type="cond" truecount="0" falsecount="2"/>
        <line num="125" count="0" type="stmt"/>
        <line num="126" count="0" type="stmt"/>
        <line num="127" count="0" type="cond" truecount="0" falsecount="2"/>
        <line num="128" count="0" type="stmt"/>
        <line num="131" count="0" type="cond" truecount="0" falsecount="2"/>
        <line num="132" count="0" type="stmt"/>
        <line num="133" count="0" type="stmt"/>
        <line num="134" count="0" type="cond" truecount="0" falsecount="2"/>
        <line num="138" count="0" type="cond" truecount="0" falsecount="2"/>
        <line num="139" count="0" type="stmt"/>
        <line num="140" count="0" type="stmt"/>
        <line num="143" count="0" type="stmt"/>
        <line num="150" count="5" type="stmt"/>
        <line num="151" count="5" type="stmt"/>
        <line num="156" count="18" type="stmt"/>
      </file>
      <file name="useTheme.js" path="C:\Users\jesse\Desktop\frontend-mentor-todo-app\src\hooks\useTheme.js">
        <metrics statements="3" coveredstatements="3" conditionals="2" coveredconditionals="1" methods="1" coveredmethods="1"/>
        <line num="5" count="5" type="stmt"/>
        <line num="6" count="5" type="cond" truecount="1" falsecount="1"/>
        <line num="7" count="5" type="stmt"/>
      </file>
    </package>
    <package name="lib">
      <metrics statements="1" coveredstatements="1" conditionals="0" coveredconditionals="0" methods="1" coveredmethods="1"/>
      <file name="utils.js" path="C:\Users\jesse\Desktop\frontend-mentor-todo-app\src\lib\utils.js">
        <metrics statements="1" coveredstatements="1" conditionals="0" coveredconditionals="0" methods="1" coveredmethods="1"/>
        <line num="5" count="5" type="stmt"/>
      </file>
    </package>
    <package name="utils">
      <metrics statements="6" coveredstatements="6" conditionals="2" coveredconditionals="2" methods="4" coveredmethods="4"/>
      <file name="arithmetic.js" path="C:\Users\jesse\Desktop\frontend-mentor-todo-app\src\utils\arithmetic.js">
        <metrics statements="6" coveredstatements="6" conditionals="2" coveredconditionals="2" methods="4" coveredmethods="4"/>
        <line num="3" count="1" type="stmt"/>
        <line num="8" count="1" type="stmt"/>
        <line num="13" count="1" type="stmt"/>
        <line num="18" count="2" type="cond" truecount="2" falsecount="0"/>
        <line num="19" count="1" type="stmt"/>
        <line num="21" count="1" type="stmt"/>
      </file>
    </package>
  </project>
</coverage>
