{"C:\\Users\\jesse\\Desktop\\frontend-mentor-todo-app\\src\\components\\layout\\Footer.jsx": {"path":"C:\\Users\\jesse\\Desktop\\frontend-mentor-todo-app\\src\\components\\layout\\Footer.jsx","statementMap":{"0":{"start":{"line":5,"column":2},"end":{"line":8,"column":null}}},"fnMap":{"0":{"name":"Footer","decl":{"start":{"line":4,"column":24},"end":{"line":4,"column":33}},"loc":{"start":{"line":4,"column":33},"end":{"line":10,"column":null}},"line":4}},"branchMap":{},"s":{"0":2},"f":{"0":2},"b":{},"meta":{"lastBranch":0,"lastFunction":1,"lastStatement":1,"seen":{"f:4:24:4:33":0,"s:5:2:8:Infinity":0}}}
,"C:\\Users\\jesse\\Desktop\\frontend-mentor-todo-app\\src\\components\\layout\\Header.jsx": {"path":"C:\\Users\\jesse\\Desktop\\frontend-mentor-todo-app\\src\\components\\layout\\Header.jsx","statementMap":{"0":{"start":{"line":9,"column":26},"end":{"line":9,"column":null}},"1":{"start":{"line":10,"column":17},"end":{"line":10,"column":null}},"2":{"start":{"line":12,"column":28},"end":{"line":14,"column":null}},"3":{"start":{"line":13,"column":4},"end":{"line":13,"column":null}},"4":{"start":{"line":16,"column":2},"end":{"line":27,"column":null}}},"fnMap":{"0":{"name":"Header","decl":{"start":{"line":8,"column":24},"end":{"line":8,"column":33}},"loc":{"start":{"line":8,"column":33},"end":{"line":29,"column":null}},"line":8},"1":{"name":"(anonymous_1)","decl":{"start":{"line":12,"column":28},"end":{"line":12,"column":34}},"loc":{"start":{"line":12,"column":34},"end":{"line":14,"column":null}},"line":12}},"branchMap":{"0":{"loc":{"start":{"line":13,"column":13},"end":{"line":13,"column":38}},"type":"cond-expr","locations":[{"start":{"line":13,"column":22},"end":{"line":13,"column":32}},{"start":{"line":13,"column":32},"end":{"line":13,"column":38}}],"line":13},"1":{"loc":{"start":{"line":25,"column":19},"end":{"line":25,"column":45}},"type":"cond-expr","locations":[{"start":{"line":25,"column":28},"end":{"line":25,"column":38}},{"start":{"line":25,"column":38},"end":{"line":25,"column":45}}],"line":25}},"s":{"0":5,"1":5,"2":5,"3":2,"4":5},"f":{"0":5,"1":2},"b":{"0":[1,1],"1":[4,1]},"meta":{"lastBranch":2,"lastFunction":2,"lastStatement":5,"seen":{"f:8:24:8:33":0,"s:9:26:9:Infinity":0,"s:10:17:10:Infinity":1,"s:12:28:14:Infinity":2,"f:12:28:12:34":1,"s:13:4:13:Infinity":3,"b:13:22:13:32:13:32:13:38":0,"s:16:2:27:Infinity":4,"b:25:28:25:38:25:38:25:45":1}}}
,"C:\\Users\\jesse\\Desktop\\frontend-mentor-todo-app\\src\\components\\providers\\themeProvider.jsx": {"path":"C:\\Users\\jesse\\Desktop\\frontend-mentor-todo-app\\src\\components\\providers\\themeProvider.jsx","statementMap":{"0":{"start":{"line":4,"column":21},"end":{"line":7,"column":null}},"1":{"start":{"line":5,"column":17},"end":{"line":5,"column":null}},"2":{"start":{"line":6,"column":2},"end":{"line":6,"column":null}},"3":{"start":{"line":10,"column":24},"end":{"line":10,"column":null}},"4":{"start":{"line":10,"column":43},"end":{"line":10,"column":69}},"5":{"start":{"line":12,"column":2},"end":{"line":25,"column":null}},"6":{"start":{"line":13,"column":17},"end":{"line":13,"column":null}},"7":{"start":{"line":14,"column":16},"end":{"line":14,"column":null}},"8":{"start":{"line":15,"column":21},"end":{"line":15,"column":null}},"9":{"start":{"line":17,"column":4},"end":{"line":17,"column":null}},"10":{"start":{"line":18,"column":4},"end":{"line":18,"column":null}},"11":{"start":{"line":20,"column":4},"end":{"line":24,"column":null}},"12":{"start":{"line":21,"column":23},"end":{"line":21,"column":null}},"13":{"start":{"line":21,"column":30},"end":{"line":21,"column":null}},"14":{"start":{"line":22,"column":6},"end":{"line":22,"column":null}},"15":{"start":{"line":23,"column":6},"end":{"line":23,"column":null}},"16":{"start":{"line":23,"column":19},"end":{"line":23,"column":null}},"17":{"start":{"line":27,"column":8},"end":{"line":27,"column":null}},"18":{"start":{"line":27,"column":31},"end":{"line":27,"column":53}},"19":{"start":{"line":29,"column":2},"end":{"line":29,"column":null}}},"fnMap":{"0":{"name":"(anonymous_0)","decl":{"start":{"line":4,"column":21},"end":{"line":4,"column":22}},"loc":{"start":{"line":4,"column":39},"end":{"line":7,"column":null}},"line":4},"1":{"name":"ThemeProvider","decl":{"start":{"line":9,"column":9},"end":{"line":9,"column":23}},"loc":{"start":{"line":9,"column":61},"end":{"line":30,"column":null}},"line":9},"2":{"name":"(anonymous_2)","decl":{"start":{"line":10,"column":37},"end":{"line":10,"column":43}},"loc":{"start":{"line":10,"column":43},"end":{"line":10,"column":69}},"line":10},"3":{"name":"(anonymous_3)","decl":{"start":{"line":12,"column":12},"end":{"line":12,"column":18}},"loc":{"start":{"line":12,"column":18},"end":{"line":25,"column":5}},"line":12},"4":{"name":"(anonymous_4)","decl":{"start":{"line":21,"column":23},"end":{"line":21,"column":24}},"loc":{"start":{"line":21,"column":30},"end":{"line":21,"column":null}},"line":21},"5":{"name":"(anonymous_5)","decl":{"start":{"line":23,"column":13},"end":{"line":23,"column":19}},"loc":{"start":{"line":23,"column":19},"end":{"line":23,"column":null}},"line":23},"6":{"name":"(anonymous_6)","decl":{"start":{"line":27,"column":24},"end":{"line":27,"column":31}},"loc":{"start":{"line":27,"column":31},"end":{"line":27,"column":53}},"line":27}},"branchMap":{"0":{"loc":{"start":{"line":6,"column":9},"end":{"line":6,"column":null}},"type":"binary-expr","locations":[{"start":{"line":6,"column":9},"end":{"line":6,"column":19}},{"start":{"line":6,"column":19},"end":{"line":6,"column":null}}],"line":6},"1":{"loc":{"start":{"line":9,"column":35},"end":{"line":9,"column":58}},"type":"default-arg","locations":[{"start":{"line":9,"column":50},"end":{"line":9,"column":58}}],"line":9},"2":{"loc":{"start":{"line":15,"column":21},"end":{"line":15,"column":null}},"type":"cond-expr","locations":[{"start":{"line":15,"column":43},"end":{"line":15,"column":77}},{"start":{"line":15,"column":77},"end":{"line":15,"column":null}}],"line":15},"3":{"loc":{"start":{"line":15,"column":43},"end":{"line":15,"column":77}},"type":"cond-expr","locations":[{"start":{"line":15,"column":57},"end":{"line":15,"column":66}},{"start":{"line":15,"column":66},"end":{"line":15,"column":77}}],"line":15},"4":{"loc":{"start":{"line":20,"column":4},"end":{"line":24,"column":null}},"type":"if","locations":[{"start":{"line":20,"column":4},"end":{"line":24,"column":null}},{"start":{},"end":{}}],"line":20}},"s":{"0":2,"1":3,"2":3,"3":5,"4":3,"5":5,"6":5,"7":5,"8":5,"9":5,"10":5,"11":5,"12":0,"13":0,"14":0,"15":0,"16":0,"17":5,"18":5,"19":5},"f":{"0":3,"1":5,"2":3,"3":5,"4":0,"5":0,"6":5},"b":{"0":[3,3],"1":[5],"2":[0,5],"3":[0,0],"4":[0,5]},"meta":{"lastBranch":5,"lastFunction":7,"lastStatement":20,"seen":{"s:4:21:7:Infinity":0,"f:4:21:4:22":0,"s:5:17:5:Infinity":1,"s:6:2:6:Infinity":2,"b:6:9:6:19:6:19:6:Infinity":0,"f:9:9:9:23":1,"b:9:50:9:58":1,"s:10:24:10:Infinity":3,"f:10:37:10:43":2,"s:10:43:10:69":4,"s:12:2:25:Infinity":5,"f:12:12:12:18":3,"s:13:17:13:Infinity":6,"s:14:16:14:Infinity":7,"s:15:21:15:Infinity":8,"b:15:43:15:77:15:77:15:Infinity":2,"b:15:57:15:66:15:66:15:77":3,"s:17:4:17:Infinity":9,"s:18:4:18:Infinity":10,"b:20:4:24:Infinity:undefined:undefined:undefined:undefined":4,"s:20:4:24:Infinity":11,"s:21:23:21:Infinity":12,"f:21:23:21:24":4,"s:21:30:21:Infinity":13,"s:22:6:22:Infinity":14,"s:23:6:23:Infinity":15,"f:23:13:23:19":5,"s:23:19:23:Infinity":16,"s:27:8:27:Infinity":17,"f:27:24:27:31":6,"s:27:31:27:53":18,"s:29:2:29:Infinity":19}}}
,"C:\\Users\\jesse\\Desktop\\frontend-mentor-todo-app\\src\\components\\shared\\Title.component.jsx": {"path":"C:\\Users\\jesse\\Desktop\\frontend-mentor-todo-app\\src\\components\\shared\\Title.component.jsx","statementMap":{"0":{"start":{"line":1,"column":14},"end":{"line":8,"column":null}},"1":{"start":{"line":2,"column":14},"end":{"line":2,"column":null}},"2":{"start":{"line":3,"column":2},"end":{"line":6,"column":null}}},"fnMap":{"0":{"name":"(anonymous_0)","decl":{"start":{"line":1,"column":14},"end":{"line":1,"column":15}},"loc":{"start":{"line":1,"column":60},"end":{"line":8,"column":null}},"line":1}},"branchMap":{"0":{"loc":{"start":{"line":1,"column":27},"end":{"line":1,"column":39}},"type":"default-arg","locations":[{"start":{"line":1,"column":36},"end":{"line":1,"column":39}}],"line":1},"1":{"loc":{"start":{"line":1,"column":39},"end":{"line":1,"column":54}},"type":"default-arg","locations":[{"start":{"line":1,"column":51},"end":{"line":1,"column":54}}],"line":1}},"s":{"0":2,"1":5,"2":5},"f":{"0":5},"b":{"0":[5],"1":[5]},"meta":{"lastBranch":2,"lastFunction":1,"lastStatement":3,"seen":{"s:1:14:8:Infinity":0,"f:1:14:1:15":0,"b:1:36:1:39":0,"b:1:51:1:54":1,"s:2:14:2:Infinity":1,"s:3:2:6:Infinity":2}}}
,"C:\\Users\\jesse\\Desktop\\frontend-mentor-todo-app\\src\\components\\ui\\button.jsx": {"path":"C:\\Users\\jesse\\Desktop\\frontend-mentor-todo-app\\src\\components\\ui\\button.jsx","statementMap":{"0":{"start":{"line":7,"column":6},"end":{"line":37,"column":null}},"1":{"start":{"line":46,"column":15},"end":{"line":46,"column":null}},"2":{"start":{"line":48,"column":2},"end":{"line":54,"column":null}},"3":{"start":{"line":58,"column":0},"end":{"line":58,"column":null}}},"fnMap":{"0":{"name":"Button","decl":{"start":{"line":39,"column":9},"end":{"line":39,"column":16}},"loc":{"start":{"line":45,"column":3},"end":{"line":56,"column":null}},"line":45}},"branchMap":{"0":{"loc":{"start":{"line":41,"column":2},"end":{"line":41,"column":null}},"type":"default-arg","locations":[{"start":{"line":41,"column":12},"end":{"line":41,"column":null}}],"line":41},"1":{"loc":{"start":{"line":42,"column":2},"end":{"line":42,"column":null}},"type":"default-arg","locations":[{"start":{"line":42,"column":9},"end":{"line":42,"column":null}}],"line":42},"2":{"loc":{"start":{"line":43,"column":2},"end":{"line":43,"column":null}},"type":"default-arg","locations":[{"start":{"line":43,"column":12},"end":{"line":43,"column":null}}],"line":43},"3":{"loc":{"start":{"line":46,"column":15},"end":{"line":46,"column":null}},"type":"cond-expr","locations":[{"start":{"line":46,"column":25},"end":{"line":46,"column":32}},{"start":{"line":46,"column":32},"end":{"line":46,"column":null}}],"line":46}},"s":{"0":2,"1":5,"2":5,"3":2},"f":{"0":5},"b":{"0":[5],"1":[5],"2":[5],"3":[0,5]},"meta":{"lastBranch":4,"lastFunction":1,"lastStatement":4,"seen":{"s:7:6:37:Infinity":0,"f:39:9:39:16":0,"b:41:12:41:Infinity":0,"b:42:9:42:Infinity":1,"b:43:12:43:Infinity":2,"s:46:15:46:Infinity":1,"b:46:25:46:32:46:32:46:Infinity":3,"s:48:2:54:Infinity":2,"s:58:0:58:Infinity":3}}}
,"C:\\Users\\jesse\\Desktop\\frontend-mentor-todo-app\\src\\constants\\themeConstants.js": {"path":"C:\\Users\\jesse\\Desktop\\frontend-mentor-todo-app\\src\\constants\\themeConstants.js","statementMap":{"0":{"start":{"line":3,"column":20},"end":{"line":3,"column":40}},"1":{"start":{"line":4,"column":20},"end":{"line":4,"column":27}}},"fnMap":{},"branchMap":{},"s":{"0":2,"1":2},"f":{},"b":{},"meta":{"lastBranch":0,"lastFunction":0,"lastStatement":2,"seen":{"s:3:20:3:40":0,"s:4:20:4:27":1}}}
,"C:\\Users\\jesse\\Desktop\\frontend-mentor-todo-app\\src\\hooks\\useTasks.js": {"path":"C:\\Users\\jesse\\Desktop\\frontend-mentor-todo-app\\src\\hooks\\useTasks.js","statementMap":{"0":{"start":{"line":10,"column":27},"end":{"line":10,"column":40}},"1":{"start":{"line":13,"column":31},"end":{"line":13,"column":47}},"2":{"start":{"line":16,"column":27},"end":{"line":16,"column":42}},"3":{"start":{"line":21,"column":19},"end":{"line":41,"column":8}},"4":{"start":{"line":23,"column":4},"end":{"line":23,"column":21}},"5":{"start":{"line":24,"column":4},"end":{"line":24,"column":19}},"6":{"start":{"line":26,"column":40},"end":{"line":29,"column":48}},"7":{"start":{"line":32,"column":4},"end":{"line":37,"column":5}},"8":{"start":{"line":33,"column":6},"end":{"line":33,"column":61}},"9":{"start":{"line":36,"column":6},"end":{"line":36,"column":21}},"10":{"start":{"line":40,"column":4},"end":{"line":40,"column":22}},"11":{"start":{"line":46,"column":17},"end":{"line":62,"column":8}},"12":{"start":{"line":47,"column":41},"end":{"line":50,"column":15}},"13":{"start":{"line":52,"column":4},"end":{"line":55,"column":5}},"14":{"start":{"line":53,"column":6},"end":{"line":53,"column":33}},"15":{"start":{"line":54,"column":6},"end":{"line":54,"column":24}},"16":{"start":{"line":58,"column":21},"end":{"line":58,"column":30}},"17":{"start":{"line":59,"column":4},"end":{"line":61,"column":5}},"18":{"start":{"line":60,"column":6},"end":{"line":60,"column":46}},"19":{"start":{"line":60,"column":25},"end":{"line":60,"column":44}},"20":{"start":{"line":67,"column":20},"end":{"line":84,"column":8}},"21":{"start":{"line":68,"column":35},"end":{"line":71,"column":19}},"22":{"start":{"line":73,"column":4},"end":{"line":76,"column":5}},"23":{"start":{"line":74,"column":6},"end":{"line":74,"column":33}},"24":{"start":{"line":75,"column":6},"end":{"line":75,"column":24}},"25":{"start":{"line":79,"column":4},"end":{"line":83,"column":6}},"26":{"start":{"line":80,"column":6},"end":{"line":82,"column":7}},"27":{"start":{"line":81,"column":8},"end":{"line":81,"column":68}},"28":{"start":{"line":89,"column":20},"end":{"line":102,"column":8}},"29":{"start":{"line":90,"column":35},"end":{"line":93,"column":19}},"30":{"start":{"line":95,"column":4},"end":{"line":98,"column":5}},"31":{"start":{"line":96,"column":6},"end":{"line":96,"column":33}},"32":{"start":{"line":97,"column":6},"end":{"line":97,"column":24}},"33":{"start":{"line":101,"column":4},"end":{"line":101,"column":62}},"34":{"start":{"line":101,"column":23},"end":{"line":101,"column":60}},"35":{"start":{"line":101,"column":45},"end":{"line":101,"column":59}},"36":{"start":{"line":105,"column":1},"end":{"line":111,"column":18}},"37":{"start":{"line":106,"column":23},"end":{"line":108,"column":5}},"38":{"start":{"line":107,"column":6},"end":{"line":107,"column":24}},"39":{"start":{"line":110,"column":4},"end":{"line":110,"column":17}},"40":{"start":{"line":116,"column":1},"end":{"line":153,"column":9}},"41":{"start":{"line":117,"column":20},"end":{"line":147,"column":18}},"42":{"start":{"line":123,"column":10},"end":{"line":144,"column":13}},"43":{"start":{"line":124,"column":12},"end":{"line":129,"column":13}},"44":{"start":{"line":125,"column":30},"end":{"line":125,"column":41}},"45":{"start":{"line":126,"column":29},"end":{"line":126,"column":72}},"46":{"start":{"line":126,"column":49},"end":{"line":126,"column":71}},"47":{"start":{"line":127,"column":14},"end":{"line":127,"column":38}},"48":{"start":{"line":127,"column":26},"end":{"line":127,"column":38}},"49":{"start":{"line":128,"column":14},"end":{"line":128,"column":40}},"50":{"start":{"line":131,"column":12},"end":{"line":136,"column":13}},"51":{"start":{"line":132,"column":30},"end":{"line":132,"column":41}},"52":{"start":{"line":133,"column":14},"end":{"line":135,"column":16}},"53":{"start":{"line":134,"column":16},"end":{"line":134,"column":55}},"54":{"start":{"line":138,"column":12},"end":{"line":141,"column":13}},"55":{"start":{"line":139,"column":30},"end":{"line":139,"column":41}},"56":{"start":{"line":140,"column":14},"end":{"line":140,"column":67}},"57":{"start":{"line":140,"column":43},"end":{"line":140,"column":65}},"58":{"start":{"line":143,"column":12},"end":{"line":143,"column":24}},"59":{"start":{"line":150,"column":4},"end":{"line":152,"column":6}},"60":{"start":{"line":151,"column":6},"end":{"line":151,"column":38}},"61":{"start":{"line":156,"column":2},"end":{"line":163,"column":4}}},"fnMap":{"0":{"name":"useTasks","decl":{"start":{"line":8,"column":9},"end":{"line":8,"column":17}},"loc":{"start":{"line":8,"column":20},"end":{"line":164,"column":1}},"line":8},"1":{"name":"(anonymous_1)","decl":{"start":{"line":21,"column":32},"end":{"line":21,"column":37}},"loc":{"start":{"line":21,"column":44},"end":{"line":41,"column":3}},"line":21},"2":{"name":"(anonymous_2)","decl":{"start":{"line":46,"column":30},"end":{"line":46,"column":35}},"loc":{"start":{"line":46,"column":47},"end":{"line":62,"column":3}},"line":46},"3":{"name":"(anonymous_3)","decl":{"start":{"line":60,"column":15},"end":{"line":60,"column":16}},"loc":{"start":{"line":60,"column":25},"end":{"line":60,"column":44}},"line":60},"4":{"name":"(anonymous_4)","decl":{"start":{"line":67,"column":33},"end":{"line":67,"column":38}},"loc":{"start":{"line":67,"column":59},"end":{"line":84,"column":3}},"line":67},"5":{"name":"(anonymous_5)","decl":{"start":{"line":79,"column":13},"end":{"line":79,"column":14}},"loc":{"start":{"line":80,"column":6},"end":{"line":82,"column":7}},"line":80},"6":{"name":"(anonymous_6)","decl":{"start":{"line":80,"column":15},"end":{"line":80,"column":16}},"loc":{"start":{"line":81,"column":8},"end":{"line":81,"column":68}},"line":81},"7":{"name":"(anonymous_7)","decl":{"start":{"line":89,"column":33},"end":{"line":89,"column":38}},"loc":{"start":{"line":89,"column":47},"end":{"line":102,"column":3}},"line":89},"8":{"name":"(anonymous_8)","decl":{"start":{"line":101,"column":13},"end":{"line":101,"column":14}},"loc":{"start":{"line":101,"column":23},"end":{"line":101,"column":60}},"line":101},"9":{"name":"(anonymous_9)","decl":{"start":{"line":101,"column":35},"end":{"line":101,"column":36}},"loc":{"start":{"line":101,"column":45},"end":{"line":101,"column":59}},"line":101},"10":{"name":"(anonymous_10)","decl":{"start":{"line":105,"column":12},"end":{"line":105,"column":13}},"loc":{"start":{"line":105,"column":18},"end":{"line":111,"column":3}},"line":105},"11":{"name":"(anonymous_11)","decl":{"start":{"line":106,"column":23},"end":{"line":106,"column":28}},"loc":{"start":{"line":106,"column":35},"end":{"line":108,"column":5}},"line":106},"12":{"name":"(anonymous_12)","decl":{"start":{"line":116,"column":12},"end":{"line":116,"column":13}},"loc":{"start":{"line":116,"column":18},"end":{"line":153,"column":3}},"line":116},"13":{"name":"(anonymous_13)","decl":{"start":{"line":122,"column":8},"end":{"line":122,"column":9}},"loc":{"start":{"line":122,"column":21},"end":{"line":145,"column":9}},"line":122},"14":{"name":"(anonymous_14)","decl":{"start":{"line":123,"column":19},"end":{"line":123,"column":20}},"loc":{"start":{"line":123,"column":29},"end":{"line":144,"column":11}},"line":123},"15":{"name":"(anonymous_15)","decl":{"start":{"line":126,"column":39},"end":{"line":126,"column":40}},"loc":{"start":{"line":126,"column":49},"end":{"line":126,"column":71}},"line":126},"16":{"name":"(anonymous_16)","decl":{"start":{"line":133,"column":30},"end":{"line":133,"column":31}},"loc":{"start":{"line":134,"column":16},"end":{"line":134,"column":55}},"line":134},"17":{"name":"(anonymous_17)","decl":{"start":{"line":140,"column":33},"end":{"line":140,"column":34}},"loc":{"start":{"line":140,"column":43},"end":{"line":140,"column":65}},"line":140},"18":{"name":"(anonymous_18)","decl":{"start":{"line":150,"column":11},"end":{"line":150,"column":12}},"loc":{"start":{"line":150,"column":17},"end":{"line":152,"column":5}},"line":150}},"branchMap":{"0":{"loc":{"start":{"line":32,"column":4},"end":{"line":37,"column":5}},"type":"if","locations":[{"start":{"line":32,"column":4},"end":{"line":37,"column":5}},{"start":{"line":34,"column":11},"end":{"line":37,"column":5}}],"line":32},"1":{"loc":{"start":{"line":52,"column":4},"end":{"line":55,"column":5}},"type":"if","locations":[{"start":{"line":52,"column":4},"end":{"line":55,"column":5}},{"start":{},"end":{}}],"line":52},"2":{"loc":{"start":{"line":59,"column":4},"end":{"line":61,"column":5}},"type":"if","locations":[{"start":{"line":59,"column":4},"end":{"line":61,"column":5}},{"start":{},"end":{}}],"line":59},"3":{"loc":{"start":{"line":73,"column":4},"end":{"line":76,"column":5}},"type":"if","locations":[{"start":{"line":73,"column":4},"end":{"line":76,"column":5}},{"start":{},"end":{}}],"line":73},"4":{"loc":{"start":{"line":81,"column":8},"end":{"line":81,"column":68}},"type":"cond-expr","locations":[{"start":{"line":81,"column":25},"end":{"line":81,"column":61}},{"start":{"line":81,"column":64},"end":{"line":81,"column":68}}],"line":81},"5":{"loc":{"start":{"line":95,"column":4},"end":{"line":98,"column":5}},"type":"if","locations":[{"start":{"line":95,"column":4},"end":{"line":98,"column":5}},{"start":{},"end":{}}],"line":95},"6":{"loc":{"start":{"line":124,"column":12},"end":{"line":129,"column":13}},"type":"if","locations":[{"start":{"line":124,"column":12},"end":{"line":129,"column":13}},{"start":{},"end":{}}],"line":124},"7":{"loc":{"start":{"line":127,"column":14},"end":{"line":127,"column":38}},"type":"if","locations":[{"start":{"line":127,"column":14},"end":{"line":127,"column":38}},{"start":{},"end":{}}],"line":127},"8":{"loc":{"start":{"line":131,"column":12},"end":{"line":136,"column":13}},"type":"if","locations":[{"start":{"line":131,"column":12},"end":{"line":136,"column":13}},{"start":{},"end":{}}],"line":131},"9":{"loc":{"start":{"line":134,"column":16},"end":{"line":134,"column":55}},"type":"cond-expr","locations":[{"start":{"line":134,"column":41},"end":{"line":134,"column":48}},{"start":{"line":134,"column":51},"end":{"line":134,"column":55}}],"line":134},"10":{"loc":{"start":{"line":138,"column":12},"end":{"line":141,"column":13}},"type":"if","locations":[{"start":{"line":138,"column":12},"end":{"line":141,"column":13}},{"start":{},"end":{}}],"line":138}},"s":{"0":18,"1":18,"2":18,"3":18,"4":5,"5":5,"6":5,"7":5,"8":1,"9":4,"10":5,"11":18,"12":1,"13":1,"14":0,"15":0,"16":1,"17":1,"18":1,"19":1,"20":18,"21":1,"22":1,"23":0,"24":0,"25":1,"26":1,"27":1,"28":18,"29":1,"30":1,"31":0,"32":0,"33":1,"34":1,"35":1,"36":18,"37":5,"38":5,"39":5,"40":18,"41":5,"42":0,"43":0,"44":0,"45":0,"46":0,"47":0,"48":0,"49":0,"50":0,"51":0,"52":0,"53":0,"54":0,"55":0,"56":0,"57":0,"58":0,"59":5,"60":5,"61":18},"f":{"0":18,"1":5,"2":1,"3":1,"4":1,"5":1,"6":1,"7":1,"8":1,"9":1,"10":5,"11":5,"12":5,"13":0,"14":0,"15":0,"16":0,"17":0,"18":5},"b":{"0":[1,4],"1":[0,1],"2":[1,0],"3":[0,1],"4":[1,0],"5":[0,1],"6":[0,0],"7":[0,0],"8":[0,0],"9":[0,0],"10":[0,0]},"meta":{"lastBranch":11,"lastFunction":19,"lastStatement":62,"seen":{"f:8:9:8:17":0,"s:10:27:10:40":0,"s:13:31:13:47":1,"s:16:27:16:42":2,"s:21:19:41:8":3,"f:21:32:21:37":1,"s:23:4:23:21":4,"s:24:4:24:19":5,"s:26:40:29:48":6,"b:32:4:37:5:34:11:37:5":0,"s:32:4:37:5":7,"s:33:6:33:61":8,"s:36:6:36:21":9,"s:40:4:40:22":10,"s:46:17:62:8":11,"f:46:30:46:35":2,"s:47:41:50:15":12,"b:52:4:55:5:undefined:undefined:undefined:undefined":1,"s:52:4:55:5":13,"s:53:6:53:33":14,"s:54:6:54:24":15,"s:58:21:58:30":16,"b:59:4:61:5:undefined:undefined:undefined:undefined":2,"s:59:4:61:5":17,"s:60:6:60:46":18,"f:60:15:60:16":3,"s:60:25:60:44":19,"s:67:20:84:8":20,"f:67:33:67:38":4,"s:68:35:71:19":21,"b:73:4:76:5:undefined:undefined:undefined:undefined":3,"s:73:4:76:5":22,"s:74:6:74:33":23,"s:75:6:75:24":24,"s:79:4:83:6":25,"f:79:13:79:14":5,"s:80:6:82:7":26,"f:80:15:80:16":6,"s:81:8:81:68":27,"b:81:25:81:61:81:64:81:68":4,"s:89:20:102:8":28,"f:89:33:89:38":7,"s:90:35:93:19":29,"b:95:4:98:5:undefined:undefined:undefined:undefined":5,"s:95:4:98:5":30,"s:96:6:96:33":31,"s:97:6:97:24":32,"s:101:4:101:62":33,"f:101:13:101:14":8,"s:101:23:101:60":34,"f:101:35:101:36":9,"s:101:45:101:59":35,"s:105:1:111:18":36,"f:105:12:105:13":10,"s:106:23:108:5":37,"f:106:23:106:28":11,"s:107:6:107:24":38,"s:110:4:110:17":39,"s:116:1:153:9":40,"f:116:12:116:13":12,"s:117:20:147:18":41,"f:122:8:122:9":13,"s:123:10:144:13":42,"f:123:19:123:20":14,"b:124:12:129:13:undefined:undefined:undefined:undefined":6,"s:124:12:129:13":43,"s:125:30:125:41":44,"s:126:29:126:72":45,"f:126:39:126:40":15,"s:126:49:126:71":46,"b:127:14:127:38:undefined:undefined:undefined:undefined":7,"s:127:14:127:38":47,"s:127:26:127:38":48,"s:128:14:128:40":49,"b:131:12:136:13:undefined:undefined:undefined:undefined":8,"s:131:12:136:13":50,"s:132:30:132:41":51,"s:133:14:135:16":52,"f:133:30:133:31":16,"s:134:16:134:55":53,"b:134:41:134:48:134:51:134:55":9,"b:138:12:141:13:undefined:undefined:undefined:undefined":10,"s:138:12:141:13":54,"s:139:30:139:41":55,"s:140:14:140:67":56,"f:140:33:140:34":17,"s:140:43:140:65":57,"s:143:12:143:24":58,"s:150:4:152:6":59,"f:150:11:150:12":18,"s:151:6:151:38":60,"s:156:2:163:4":61}}}
,"C:\\Users\\jesse\\Desktop\\frontend-mentor-todo-app\\src\\hooks\\useTheme.js": {"path":"C:\\Users\\jesse\\Desktop\\frontend-mentor-todo-app\\src\\hooks\\useTheme.js","statementMap":{"0":{"start":{"line":5,"column":13},"end":{"line":5,"column":38}},"1":{"start":{"line":6,"column":2},"end":{"line":6,"column":74}},"2":{"start":{"line":6,"column":12},"end":{"line":6,"column":74}},"3":{"start":{"line":7,"column":2},"end":{"line":7,"column":13}}},"fnMap":{"0":{"name":"useTheme","decl":{"start":{"line":4,"column":9},"end":{"line":4,"column":17}},"loc":{"start":{"line":4,"column":20},"end":{"line":8,"column":1}},"line":4}},"branchMap":{"0":{"loc":{"start":{"line":6,"column":2},"end":{"line":6,"column":74}},"type":"if","locations":[{"start":{"line":6,"column":2},"end":{"line":6,"column":74}},{"start":{},"end":{}}],"line":6}},"s":{"0":5,"1":5,"2":0,"3":5},"f":{"0":5},"b":{"0":[0,5]},"meta":{"lastBranch":1,"lastFunction":1,"lastStatement":4,"seen":{"f:4:9:4:17":0,"s:5:13:5:38":0,"b:6:2:6:74:undefined:undefined:undefined:undefined":0,"s:6:2:6:74":1,"s:6:12:6:74":2,"s:7:2:7:13":3}}}
,"C:\\Users\\jesse\\Desktop\\frontend-mentor-todo-app\\src\\lib\\utils.js": {"path":"C:\\Users\\jesse\\Desktop\\frontend-mentor-todo-app\\src\\lib\\utils.js","statementMap":{"0":{"start":{"line":5,"column":2},"end":{"line":5,"column":31}}},"fnMap":{"0":{"name":"cn","decl":{"start":{"line":4,"column":16},"end":{"line":4,"column":18}},"loc":{"start":{"line":4,"column":30},"end":{"line":6,"column":1}},"line":4}},"branchMap":{},"s":{"0":5},"f":{"0":5},"b":{},"meta":{"lastBranch":0,"lastFunction":1,"lastStatement":1,"seen":{"f:4:16:4:18":0,"s:5:2:5:31":0}}}
,"C:\\Users\\jesse\\Desktop\\frontend-mentor-todo-app\\src\\utils\\arithmetic.js": {"path":"C:\\Users\\jesse\\Desktop\\frontend-mentor-todo-app\\src\\utils\\arithmetic.js","statementMap":{"0":{"start":{"line":3,"column":2},"end":{"line":3,"column":15}},"1":{"start":{"line":8,"column":2},"end":{"line":8,"column":15}},"2":{"start":{"line":13,"column":2},"end":{"line":13,"column":15}},"3":{"start":{"line":18,"column":2},"end":{"line":20,"column":3}},"4":{"start":{"line":19,"column":4},"end":{"line":19,"column":56}},"5":{"start":{"line":21,"column":2},"end":{"line":21,"column":15}}},"fnMap":{"0":{"name":"sum","decl":{"start":{"line":2,"column":16},"end":{"line":2,"column":19}},"loc":{"start":{"line":2,"column":26},"end":{"line":4,"column":1}},"line":2},"1":{"name":"subtract","decl":{"start":{"line":7,"column":16},"end":{"line":7,"column":24}},"loc":{"start":{"line":7,"column":31},"end":{"line":9,"column":1}},"line":7},"2":{"name":"multiply","decl":{"start":{"line":12,"column":16},"end":{"line":12,"column":24}},"loc":{"start":{"line":12,"column":31},"end":{"line":14,"column":1}},"line":12},"3":{"name":"divide","decl":{"start":{"line":17,"column":16},"end":{"line":17,"column":22}},"loc":{"start":{"line":17,"column":29},"end":{"line":22,"column":1}},"line":17}},"branchMap":{"0":{"loc":{"start":{"line":18,"column":2},"end":{"line":20,"column":3}},"type":"if","locations":[{"start":{"line":18,"column":2},"end":{"line":20,"column":3}},{"start":{},"end":{}}],"line":18}},"s":{"0":1,"1":1,"2":1,"3":2,"4":1,"5":1},"f":{"0":1,"1":1,"2":1,"3":2},"b":{"0":[1,1]},"meta":{"lastBranch":1,"lastFunction":4,"lastStatement":6,"seen":{"f:2:16:2:19":0,"s:3:2:3:15":0,"f:7:16:7:24":1,"s:8:2:8:15":1,"f:12:16:12:24":2,"s:13:2:13:15":2,"f:17:16:17:22":3,"b:18:2:20:3:undefined:undefined:undefined:undefined":0,"s:18:2:20:3":3,"s:19:4:19:56":4,"s:21:2:21:15":5}}}
}
